Base path: C:/Program Files/Unity/Editor/Data
Pipe name: \\.\pipe\UnityShaderCompiler-64bit-1-4428
Cmd: getPlatforms
Cmd: preprocess
  insize=987 outsize=1269 ok=1
Cmd: compileSnippet
  api=4 type=0 insize=7446 outsize=3508 kw=DIRECTIONAL SHADOWS_OFF LIGHTMAP_OFF DIRLIGHTMAP_OFF DYNAMICLIGHTMAP_OFF ok=1
Cmd: compileSnippet
  api=4 type=1 insize=7446 outsize=10154 kw=DIRECTIONAL SHADOWS_OFF LIGHTMAP_OFF DIRLIGHTMAP_OFF DYNAMICLIGHTMAP_OFF ok=1
Cmd: compileSnippet
  api=4 type=0 insize=4255 outsize=2753 kw=POINT SHADOWS_OFF ok=1
Cmd: compileSnippet
  api=4 type=1 insize=4255 outsize=6149 kw=POINT SHADOWS_OFF ok=1
Cmd: compileSnippet
  api=4 type=0 insize=6564 outsize=3508 kw=LIGHTMAP_OFF DIRLIGHTMAP_OFF DYNAMICLIGHTMAP_OFF HDR_LIGHT_PREPASS_OFF ok=1
Cmd: compileSnippet
  api=4 type=1 insize=6564 outsize=7416 kw=LIGHTMAP_OFF DIRLIGHTMAP_OFF DYNAMICLIGHTMAP_OFF HDR_LIGHT_PREPASS_OFF ok=1
Cmd: compileSnippet
  api=4 type=0 insize=3508 outsize=2484 kw= ok=1
Cmd: compileSnippet
  api=4 type=1 insize=3508 outsize=1314 kw= ok=1
Cmd: preprocess
  insize=1084 outsize=1675 ok=1
Cmd: compileSnippet
  api=4 type=0 insize=7554 outsize=4369 kw=DIRECTIONAL SHADOWS_OFF LIGHTMAP_OFF DIRLIGHTMAP_OFF DYNAMICLIGHTMAP_OFF ok=1
Cmd: compileSnippet
  api=4 type=1 insize=7554 outsize=1680 kw=DIRECTIONAL SHADOWS_OFF LIGHTMAP_OFF DIRLIGHTMAP_OFF DYNAMICLIGHTMAP_OFF ok=1
Cmd: compileSnippet
  api=4 type=0 insize=4159 outsize=3061 kw=POINT ok=1
Cmd: compileSnippet
  api=4 type=1 insize=4159 outsize=2029 kw=POINT ok=1
Cmd: compileSnippet
  api=4 type=0 insize=3317 outsize=2874 kw= ok=1
Cmd: compileSnippet
  api=4 type=1 insize=3317 outsize=697 kw= ok=1
Cmd: compileSnippet
  api=4 type=0 insize=6709 outsize=4751 kw=LIGHTMAP_OFF DIRLIGHTMAP_OFF DYNAMICLIGHTMAP_OFF HDR_LIGHT_PREPASS_OFF ok=1
Cmd: compileSnippet
  api=4 type=1 insize=6709 outsize=1729 kw=LIGHTMAP_OFF DIRLIGHTMAP_OFF DYNAMICLIGHTMAP_OFF HDR_LIGHT_PREPASS_OFF ok=1
Cmd: compileSnippet
  api=4 type=0 insize=6618 outsize=4508 kw=LIGHTMAP_OFF DIRLIGHTMAP_OFF DYNAMICLIGHTMAP_OFF HDR_LIGHT_PREPASS_OFF ok=1
Cmd: compileSnippet
  api=4 type=1 insize=6618 outsize=2013 kw=LIGHTMAP_OFF DIRLIGHTMAP_OFF DYNAMICLIGHTMAP_OFF HDR_LIGHT_PREPASS_OFF ok=1
Cmd: compileSnippet
  api=4 type=0 insize=3686 outsize=4109 kw= ok=1
Cmd: compileSnippet
  api=4 type=1 insize=3686 outsize=2541 kw= ok=1
Cmd: compileSnippet
  api=4 type=0 insize=4159 outsize=3061 kw=DIRECTIONAL ok=1
Cmd: compileSnippet
  api=4 type=1 insize=4159 outsize=1249 kw=DIRECTIONAL ok=1
Cmd: compileSnippet
  api=4 type=0 insize=7554 outsize=4784 kw=DIRECTIONAL SHADOWS_SCREEN LIGHTMAP_OFF DIRLIGHTMAP_OFF DYNAMICLIGHTMAP_OFF ok=1
Cmd: compileSnippet
  api=4 type=1 insize=7554 outsize=1997 kw=DIRECTIONAL SHADOWS_SCREEN LIGHTMAP_OFF DIRLIGHTMAP_OFF DYNAMICLIGHTMAP_OFF ok=1
Cmd: preprocess
  insize=1084 outsize=1675 ok=1
Cmd: preprocess
  insize=1070 outsize=1661 ok=1
Cmd: preprocess
  insize=1082 outsize=1673 ok=1
Cmd: preprocess
  insize=1051 outsize=1642 ok=1
Cmd: preprocess
  insize=1082 outsize=1673 ok=1
